medialibrary/build/outputs/logs/manifest-merger-debug-report.txt
-- Merging decision tree log ---
manifest
ADDED from Streaming\medialibrary\AndroidManifest.xml:2:1-7:12
INJECTED from Streaming\medialibrary\AndroidManifest.xml:2:1-7:12
INJECTED from Streaming\medialibrary\AndroidManifest.xml:2:1-7:12
	package
		ADDED from Streaming\medialibrary\AndroidManifest.xml:3:5-40
		INJECTED from Streaming\medialibrary\AndroidManifest.xml
		INJECTED from Streaming\medialibrary\AndroidManifest.xml
	xmlns:android
		ADDED from Streaming\medialibrary\AndroidManifest.xml:2:11-69
application
ADDED from Streaming\medialibrary\AndroidManifest.xml:5:5-19
uses-sdk
INJECTED from Streaming\medialibrary\AndroidManifest.xml reason: use-sdk injection requested
INJECTED from Streaming\medialibrary\AndroidManifest.xml
INJECTED from Streaming\medialibrary\AndroidManifest.xml
INJECTED from Streaming\medialibrary\AndroidManifest.xml
INJECTED from Streaming\medialibrary\AndroidManifest.xml
	android:targetSdkVersion
		INJECTED from Streaming\medialibrary\AndroidManifest.xml
		ADDED from Streaming\medialibrary\AndroidManifest.xml
		INJECTED from Streaming\medialibrary\AndroidManifest.xml
	android:minSdkVersion
		INJECTED from Streaming\medialibrary\AndroidManifest.xml
		ADDED from Streaming\medialibrary\AndroidManifest.xml
		INJECTED from Streaming\medialibrary\AndroidManifest.xml